Running calibration scripts for UTD Node: 3
Running on host: compute-1-3-4

                            < M A T L A B (R) >
                  Copyright 1984-2020 The MathWorks, Inc.
              R2020a Update 1 (9.8.0.1359463) 64-bit (glnxa64)
                               April 9, 2020

 
To get started, type doc.
For product information, visit www.mathworks.com.
 
    "---------------------MINTS---------------------"





    "Node Index               =  3"

    "Node ID                  =  001e06318cd1"

    "Data Folder Located      @ :/scratch/lhw150030/mintsData"

    "Raw Data Located         @ :/scratch/lhw150030/mintsData/raw"

    "Raw DotMat Data Located  @ :/scratch/lhw150030/mintsData/rawMats"

    "Update Data Located      @ :/scratch/lhw150030/mintsData/liveUpdate/UTDNodes"

    "Loading Best Models"

    "Predicting pm1_palas"

    "Predicting pm2_5_palas"

    "Predicting pm4_palas"

    "Predicting pm10_palas"

    "Predicting pmTotal_palas"

    "Predicting dCn_palas"

    "Predicting temperatureAirmar"

    "Predicting humidityAirmar"

    "Predicting dewPointAirmar"

    "Predicting pressureAirmar"

    "Gaining Prediction"

    "Ploting Time Series for Node: 001e06318cd1 for 13-Mar-2021"

    "Ploting Time Series for Node: 001e06318cd1 for 12-Mar-2021"

    "Ploting Time Series for Node: 001e06318cd1 for 11-Mar-2021"

    "Ploting Time Series for Node: 001e06318cd1 for 10-Mar-2021"

    "Ploting Time Series for Node: 001e06318cd1 for 09-Mar-2021"

    "Ploting Time Series for Node: 001e06318cd1 for 08-Mar-2021"

    "Ploting Time Series for Node: 001e06318cd1 for 07-Mar-2021"

    "Ploting Time Series for Node: 001e06318cd1 for 06-Mar-2021"

    "Ploting Time Series for Node: 001e06318cd1 for 05-Mar-2021"

    "Ploting Time Series for Node: 001e06318cd1 for 04-Mar-2021"

    "Ploting Time Series for Node: 001e06318cd1 for 03-Mar-2021"

    "Ploting Time Series for Node: 001e06318cd1 for 02-Mar-2021"

    "Ploting Time Series for Node: 001e06318cd1 for 01-Mar-2021"

    "Ploting Time Series for Node: 001e06318cd1 for 28-Feb-2021"

    "Ploting Time Series for Node: 001e06318cd1 for 27-Feb-2021"

    "Ploting Time Series for Node: 001e06318cd1 for 26-Feb-2021"

    "Ploting Time Series for Node: 001e06318cd1 for 25-Feb-2021"

    "Ploting Time Series for Node: 001e06318cd1 for 24-Feb-2021"

    "Ploting Time Series for Node: 001e06318cd1 for 23-Feb-2021"

    "Ploting Time Series for Node: 001e06318cd1 for 22-Feb-2021"

    "Ploting Time Series for Node: 001e06318cd1 for 21-Feb-2021"

    "Ploting Time Series for Node: 001e06318cd1 for 20-Feb-2021"

    "Ploting Time Series for Node: 001e06318cd1 for 19-Feb-2021"

    "Ploting Time Series for Node: 001e06318cd1 for 18-Feb-2021"

    "Ploting Time Series for Node: 001e06318cd1 for 17-Feb-2021"

    "Ploting Time Series for Node: 001e06318cd1 for 16-Feb-2021"

    "Ploting Time Series for Node: 001e06318cd1 for 15-Feb-2021"

    "Ploting Time Series for Node: 001e06318cd1 for 14-Feb-2021"

    "Ploting Time Series for Node: 001e06318cd1 for 13-Feb-2021"

    "Ploting Time Series for Node: 001e06318cd1 for 12-Feb-2021"

    "Ploting Time Series for Node: 001e06318cd1 for 11-Feb-2021"

    "Ploting Time Series for Node: 001e06318cd1 for 10-Feb-2021"

    "Ploting Time Series for Node: 001e06318cd1 for 09-Feb-2021"

    "Ploting Time Series for Node: 001e06318cd1 for 08-Feb-2021"

    "Ploting Time Series for Node: 001e06318cd1 for 07-Feb-2021"

    "Ploting Time Series for Node: 001e06318cd1 for 06-Feb-2021"

    "Ploting Time Series for Node: 001e06318cd1 for 05-Feb-2021"

    "Ploting Time Series for Node: 001e06318cd1 for 04-Feb-2021"

    "Ploting Time Series for Node: 001e06318cd1 for 03-Feb-2021"

    "Ploting Time Series for Node: 001e06318cd1 for 02-Feb-2021"

    "Ploting Time Series for Node: 001e06318cd1 for 01-Feb-2021"

    "Ploting Time Series for Node: 001e06318cd1 for 31-Jan-2021"

    "Ploting Time Series for Node: 001e06318cd1 for 30-Jan-2021"

    "Ploting Time Series for Node: 001e06318cd1 for 29-Jan-2021"

    "Ploting Time Series for Node: 001e06318cd1 for 28-Jan-2021"

    "Ploting Time Series for Node: 001e06318cd1 for 27-Jan-2021"

    "Ploting Time Series for Node: 001e06318cd1 for 26-Jan-2021"

    "Ploting Time Series for Node: 001e06318cd1 for 25-Jan-2021"

    "Ploting Time Series for Node: 001e06318cd1 for 24-Jan-2021"

    "Ploting Time Series for Node: 001e06318cd1 for 23-Jan-2021"

    "Ploting Time Series for Node: 001e06318cd1 for 22-Jan-2021"

    "Ploting Time Series for Node: 001e06318cd1 for 21-Jan-2021"

    "Ploting Time Series for Node: 001e06318cd1 for 20-Jan-2021"

    "Ploting Time Series for Node: 001e06318cd1 for 19-Jan-2021"

    "Ploting Time Series for Node: 001e06318cd1 for 18-Jan-2021"

    "Ploting Time Series for Node: 001e06318cd1 for 17-Jan-2021"

    "Ploting Time Series for Node: 001e06318cd1 for 16-Jan-2021"

    "Ploting Time Series for Node: 001e06318cd1 for 15-Jan-2021"

    "Ploting Time Series for Node: 001e06318cd1 for 14-Jan-2021"

    "Ploting Time Series for Node: 001e06318cd1 for 13-Jan-2021"

    "Ploting Time Series for Node: 001e06318cd1 for 12-Jan-2021"

    "Ploting Time Series for Node: 001e06318cd1 for 11-Jan-2021"

    "Ploting Time Series for Node: 001e06318cd1 for 10-Jan-2021"

    "Ploting Time Series for Node: 001e06318cd1 for 09-Jan-2021"

    "Ploting Time Series for Node: 001e06318cd1 for 08-Jan-2021"

    "Ploting Time Series for Node: 001e06318cd1 for 07-Jan-2021"

    "Ploting Time Series for Node: 001e06318cd1 for 06-Jan-2021"

    "Ploting Time Series for Node: 001e06318cd1 for 05-Jan-2021"

    "Ploting Time Series for Node: 001e06318cd1 for 04-Jan-2021"

    "Ploting Time Series for Node: 001e06318cd1 for 03-Jan-2021"

    "Ploting Time Series for Node: 001e06318cd1 for 02-Jan-2021"

    "Ploting Time Series for Node: 001e06318cd1 for 01-Jan-2021"

    "Ploting Time Series for Node: 001e06318cd1 for 31-Dec-2020"

    "Ploting Time Series for Node: 001e06318cd1 for 30-Dec-2020"

    "Ploting Time Series for Node: 001e06318cd1 for 29-Dec-2020"

    "Ploting Time Series for Node: 001e06318cd1 for 28-Dec-2020"

    "Ploting Time Series for Node: 001e06318cd1 for 27-Dec-2020"

    "Ploting Time Series for Node: 001e06318cd1 for 26-Dec-2020"

    "Ploting Time Series for Node: 001e06318cd1 for 25-Dec-2020"

    "Ploting Time Series for Node: 001e06318cd1 for 24-Dec-2020"

    "Ploting Time Series for Node: 001e06318cd1 for 23-Dec-2020"

    "Ploting Time Series for Node: 001e06318cd1 for 22-Dec-2020"

    "Ploting Time Series for Node: 001e06318cd1 for 21-Dec-2020"

    "Ploting Time Series for Node: 001e06318cd1 for 20-Dec-2020"

    "Ploting Time Series for Node: 001e06318cd1 for 19-Dec-2020"

    "Ploting Time Series for Node: 001e06318cd1 for 18-Dec-2020"

    "Ploting Time Series for Node: 001e06318cd1 for 17-Dec-2020"

    "Ploting Time Series for Node: 001e06318cd1 for 16-Dec-2020"

    "Ploting Time Series for Node: 001e06318cd1 for 15-Dec-2020"

    "Ploting Time Series for Node: 001e06318cd1 for 14-Dec-2020"

    "Ploting Time Series for Node: 001e06318cd1 for 13-Dec-2020"

    "Ploting Time Series for Node: 001e06318cd1 for 12-Dec-2020"

    "Ploting Time Series for Node: 001e06318cd1 for 11-Dec-2020"

    "Ploting Time Series for Node: 001e06318cd1 for 10-Dec-2020"

    "Ploting Time Series for Node: 001e06318cd1 for 09-Dec-2020"

    "Ploting Time Series for Node: 001e06318cd1 for 08-Dec-2020"

    "Ploting Time Series for Node: 001e06318cd1 for 07-Dec-2020"

    "Ploting Time Series for Node: 001e06318cd1 for 06-Dec-2020"

    "Ploting Time Series for Node: 001e06318cd1 for 05-Dec-2020"

    "Ploting Time Series for Node: 001e06318cd1 for 04-Dec-2020"

    "Ploting Time Series for Node: 001e06318cd1 for 03-Dec-2020"

    "Ploting Time Series for Node: 001e06318cd1 for 02-Dec-2020"

    "Ploting Time Series for Node: 001e06318cd1 for 01-Dec-2020"

    "Ploting Time Series for Node: 001e06318cd1 for 30-Nov-2020"

    "Ploting Time Series for Node: 001e06318cd1 for 29-Nov-2020"

    "Ploting Time Series for Node: 001e06318cd1 for 28-Nov-2020"

    "Ploting Time Series for Node: 001e06318cd1 for 27-Nov-2020"

    "Ploting Time Series for Node: 001e06318cd1 for 26-Nov-2020"

    "Ploting Time Series for Node: 001e06318cd1 for 25-Nov-2020"

    "Ploting Time Series for Node: 001e06318cd1 for 24-Nov-2020"

    "Ploting Time Series for Node: 001e06318cd1 for 23-Nov-2020"

    "Ploting Time Series for Node: 001e06318cd1 for 22-Nov-2020"

    "Ploting Time Series for Node: 001e06318cd1 for 21-Nov-2020"

    "Ploting Time Series for Node: 001e06318cd1 for 20-Nov-2020"

    "Ploting Time Series for Node: 001e06318cd1 for 19-Nov-2020"

    "Ploting Time Series for Node: 001e06318cd1 for 18-Nov-2020"

    "Ploting Time Series for Node: 001e06318cd1 for 17-Nov-2020"

    "Ploting Time Series for Node: 001e06318cd1 for 16-Nov-2020"

    "Ploting Time Series for Node: 001e06318cd1 for 15-Nov-2020"

    "Ploting Time Series for Node: 001e06318cd1 for 14-Nov-2020"

    "Ploting Time Series for Node: 001e06318cd1 for 13-Nov-2020"

    "Ploting Time Series for Node: 001e06318cd1 for 12-Nov-2020"

    "Ploting Time Series for Node: 001e06318cd1 for 11-Nov-2020"

    "Ploting Time Series for Node: 001e06318cd1 for 10-Nov-2020"

    "Ploting Time Series for Node: 001e06318cd1 for 09-Nov-2020"

    "Ploting Time Series for Node: 001e06318cd1 for 08-Nov-2020"

    "Ploting Time Series for Node: 001e06318cd1 for 07-Nov-2020"

    "Ploting Time Series for Node: 001e06318cd1 for 06-Nov-2020"

    "Ploting Time Series for Node: 001e06318cd1 for 05-Nov-2020"

    "Ploting Time Series for Node: 001e06318cd1 for 04-Nov-2020"

    "Ploting Time Series for Node: 001e06318cd1 for 03-Nov-2020"

    "Ploting Time Series for Node: 001e06318cd1 for 02-Nov-2020"

    "Ploting Time Series for Node: 001e06318cd1 for 01-Nov-2020"

    "Ploting Time Series for Node: 001e06318cd1 for 31-Oct-2020"

    "Ploting Time Series for Node: 001e06318cd1 for 30-Oct-2020"

    "Ploting Time Series for Node: 001e06318cd1 for 29-Oct-2020"

    "Ploting Time Series for Node: 001e06318cd1 for 28-Oct-2020"

    "Ploting Time Series for Node: 001e06318cd1 for 27-Oct-2020"

    "Ploting Time Series for Node: 001e06318cd1 for 26-Oct-2020"

    "Ploting Time Series for Node: 001e06318cd1 for 25-Oct-2020"

    "Ploting Time Series for Node: 001e06318cd1 for 24-Oct-2020"

    "Ploting Time Series for Node: 001e06318cd1 for 23-Oct-2020"

    "Ploting Time Series for Node: 001e06318cd1 for 22-Oct-2020"

    "Ploting Time Series for Node: 001e06318cd1 for 21-Oct-2020"

    "Ploting Time Series for Node: 001e06318cd1 for 20-Oct-2020"

    "Ploting Time Series for Node: 001e06318cd1 for 19-Oct-2020"

    "Ploting Time Series for Node: 001e06318cd1 for 18-Oct-2020"

    "Ploting Time Series for Node: 001e06318cd1 for 17-Oct-2020"

    "Ploting Time Series for Node: 001e06318cd1 for 16-Oct-2020"

    "Ploting Time Series for Node: 001e06318cd1 for 15-Oct-2020"

    "Ploting Time Series for Node: 001e06318cd1 for 14-Oct-2020"

    "Ploting Time Series for Node: 001e06318cd1 for 13-Oct-2020"

    "Ploting Time Series for Node: 001e06318cd1 for 12-Oct-2020"

    "Ploting Time Series for Node: 001e06318cd1 for 11-Oct-2020"

    "Ploting Time Series for Node: 001e06318cd1 for 10-Oct-2020"

    "Ploting Time Series for Node: 001e06318cd1 for 09-Oct-2020"

    "Ploting Time Series for Node: 001e06318cd1 for 08-Oct-2020"

    "Ploting Time Series for Node: 001e06318cd1 for 07-Oct-2020"

    "Ploting Time Series for Node: 001e06318cd1 for 06-Oct-2020"

    "Ploting Time Series for Node: 001e06318cd1 for 05-Oct-2020"

    "Ploting Time Series for Node: 001e06318cd1 for 04-Oct-2020"

    "Ploting Time Series for Node: 001e06318cd1 for 03-Oct-2020"

    "Ploting Time Series for Node: 001e06318cd1 for 02-Oct-2020"

    "Ploting Time Series for Node: 001e06318cd1 for 01-Oct-2020"

    "Ploting Time Series for Node: 001e06318cd1 for 30-Sep-2020"

    "Ploting Time Series for Node: 001e06318cd1 for 29-Sep-2020"

    "Ploting Time Series for Node: 001e06318cd1 for 28-Sep-2020"

    "Ploting Time Series for Node: 001e06318cd1 for 27-Sep-2020"

    "Ploting Time Series for Node: 001e06318cd1 for 26-Sep-2020"

    "Ploting Time Series for Node: 001e06318cd1 for 25-Sep-2020"

    "Ploting Time Series for Node: 001e06318cd1 for 24-Sep-2020"

    "Ploting Time Series for Node: 001e06318cd1 for 23-Sep-2020"

    "Ploting Time Series for Node: 001e06318cd1 for 22-Sep-2020"

[Warning: Object creation failed: cannot determine class of object] 
[> In printingGenerateOutput
  In printingGenerateOutput
  In printingGenerateOutput
  In alternatePrintPath
  In print (line 83)
  In saveas (line 181)
  In drawTimeSeriesWithSave2 (line 63)
  In timeSeriesPlotsTLL (line 44)
  In dailyTSPlotter2021 (line 17)
  In liveRun2021DailyPlotter (line 184)] 
Opening log file:  /home/lhw150030/java.log.39197

e = 

  MException with properties:

    identifier: 'MATLAB:Java:Error3'
       message: 'Failed to retrieve Exception Message...'
         cause: {}
         stack: [4x1 struct]
    Correction: []

    "Ploting Time Series for Node: 001e06318cd1 for 21-Sep-2020"

