java.lang.OutOfMemoryError: Java heap spacejava.lang.OutOfMemoryError: Java heap space
java.lang.OutOfMemoryError: Java heap space
java.lang.OutOfMemoryError: Java heap space
java.lang.OutOfMemoryError: Java heap space
java.lang.OutOfMemoryError: Java heap space
java.lang.OutOfMemoryError: Java heap space
java.lang.OutOfMemoryError: Java heap space
java.lang.OutOfMemoryError: Java heap space
java.lang.OutOfMemoryError: Java heap space
java.lang.OutOfMemoryError: Java heap space
java.lang.OutOfMemoryError: Java heap space
java.lang.OutOfMemoryError: Java heap space
java.lang.OutOfMemoryError: Java heap space
java.lang.OutOfMemoryError: Java heap space
java.lang.OutOfMemoryError: Java heap space
java.lang.OutOfMemoryError: Java heap space
java.lang.OutOfMemoryError: Java heap space
java.lang.OutOfMemoryError: Java heap space
java.lang.OutOfMemoryError: Java heap space
java.lang.OutOfMemoryError: Java heap space
java.lang.OutOfMemoryError: Java heap space
java.lang.OutOfMemoryError: Java heap space
java.lang.OutOfMemoryError: Java heap space
java.lang.OutOfMemoryError: Java heap space
java.lang.OutOfMemoryError: Java heap space
java.lang.OutOfMemoryError: Java heap space
java.lang.OutOfMemoryError: Java heap space
java.lang.OutOfMemoryError: Java heap space
java.lang.OutOfMemoryError: Java heap space
java.lang.OutOfMemoryError: Java heap space
java.lang.OutOfMemoryError: Java heap space
java.lang.OutOfMemoryError: Java heap space
java.lang.OutOfMemoryError: Java heap space
java.lang.OutOfMemoryError: Java heap space
java.lang.OutOfMemoryError: Java heap space
java.lang.OutOfMemoryError: Java heap space
java.lang.OutOfMemoryError: Java heap space
java.lang.OutOfMemoryError: Java heap space
java.lang.OutOfMemoryError: Java heap space
java.lang.OutOfMemoryError: Java heap space
java.lang.OutOfMemoryError: Java heap space
java.lang.OutOfMemoryError: Java heap space
java.lang.OutOfMemoryError: Java heap space
java.lang.OutOfMemoryError: Java heap space
java.lang.OutOfMemoryError: Java heap space
java.lang.OutOfMemoryError: Java heap space
java.lang.OutOfMemoryError: Java heap space
java.lang.OutOfMemoryError: Java heap space
java.lang.OutOfMemoryError: Java heap space
java.lang.OutOfMemoryError: Java heap space
java.lang.OutOfMemoryError: Java heap space
java.lang.OutOfMemoryError: Java heap space
java.lang.OutOfMemoryError: Java heap space
java.lang.OutOfMemoryError: Java heap space
java.lang.OutOfMemoryError: Java heap space
java.lang.OutOfMemoryError: Java heap space
java.lang.OutOfMemoryError: Java heap space
java.lang.OutOfMemoryError: Java heap space
java.lang.OutOfMemoryError: Java heap space
java.lang.OutOfMemoryError: Java heap space
java.lang.OutOfMemoryError: Java heap space
java.lang.OutOfMemoryError: Java heap space
java.lang.OutOfMemoryError: Java heap space
java.lang.OutOfMemoryError: Java heap space
java.lang.OutOfMemoryError: Java heap space
java.lang.OutOfMemoryError: Java heap space
java.lang.OutOfMemoryError: Java heap space
java.lang.OutOfMemoryError: Java heap space
java.lang.OutOfMemoryError: Java heap space
java.lang.OutOfMemoryError: Java heap space
java.lang.OutOfMemoryError: Java heap space
java.lang.OutOfMemoryError: Java heap space
java.lang.OutOfMemoryError: Java heap space
java.lang.OutOfMemoryError: Java heap space
java.lang.OutOfMemoryError: Java heap space
java.lang.OutOfMemoryError: Java heap space
java.lang.OutOfMemoryError: Java heap space
java.lang.OutOfMemoryError: Java heap space
java.lang.OutOfMemoryError: Java heap space
java.lang.OutOfMemoryError: Java heap space
java.lang.OutOfMemoryError: Java heap space
java.lang.OutOfMemoryError: Java heap space
java.lang.OutOfMemoryError: Java heap space
java.lang.OutOfMemoryError: Java heap space
java.lang.OutOfMemoryError: Java heap space
java.lang.OutOfMemoryError: Java heap space
java.lang.OutOfMemoryError: Java heap space
java.lang.OutOfMemoryError: Java heap space
java.lang.OutOfMemoryError: Java heap space
java.lang.OutOfMemoryError: Java heap space
java.lang.OutOfMemoryError: Java heap space
java.lang.OutOfMemoryError: Java heap space
java.lang.OutOfMemoryError: Java heap space
java.lang.OutOfMemoryError: Java heap space
java.lang.OutOfMemoryError: Java heap space
java.lang.OutOfMemoryError: Java heap space
java.lang.OutOfMemoryError: Java heap space
java.lang.OutOfMemoryError: Java heap space
java.lang.OutOfMemoryError: Java heap space
java.lang.OutOfMemoryError: Java heap space
java.lang.OutOfMemoryError: Java heap space
java.lang.OutOfMemoryError: Java heap space
java.lang.OutOfMemoryError: Java heap space
java.lang.OutOfMemoryError: Java heap space
java.lang.OutOfMemoryError: Java heap space
java.lang.OutOfMemoryError: Java heap space
java.lang.OutOfMemoryError: Java heap space
java.lang.OutOfMemoryError: Java heap space
java.lang.OutOfMemoryError: Java heap space
java.lang.OutOfMemoryError: Java heap space
java.lang.OutOfMemoryError: Java heap space
java.lang.OutOfMemoryError: Java heap space
java.lang.OutOfMemoryError: Java heap space
java.lang.OutOfMemoryError: Java heap space
java.lang.OutOfMemoryError: Java heap space
java.lang.OutOfMemoryError: Java heap space
java.lang.OutOfMemoryError: Java heap space
java.lang.OutOfMemoryError: Java heap space
java.lang.OutOfMemoryError: Java heap space
java.lang.OutOfMemoryError: Java heap space
java.lang.OutOfMemoryError: Java heap space
java.lang.OutOfMemoryError: Java heap space
java.lang.OutOfMemoryError: Java heap space
java.lang.OutOfMemoryError: Java heap space
java.lang.OutOfMemoryError: Java heap space
java.lang.OutOfMemoryError: Java heap space
java.lang.OutOfMemoryError: Java heap space
java.lang.OutOfMemoryError: Java heap space
java.lang.OutOfMemoryError: Java heap space
Exception in thread "AWT-Shutdown" java.lang.OutOfMemoryError: Java heap space
{Failed to retrieve Exception Message
} 
{Error occurred during deviceplugindetection initialization: Failed to retrieve
Exception Message
} 
slurmstepd: error: *** JOB 4058 ON compute-1-3-1 CANCELLED AT 2021-03-15T10:21:43 ***
