Exception in thread "AWT-EventQueue-0" java.lang.OutOfMemoryError: GC overhead limit exceeded
Exception in thread "AWT-EventQueue-0" java.lang.OutOfMemoryError: GC overhead limit exceeded
Exception in thread "AWT-EventQueue-0" java.lang.OutOfMemoryError: GC overhead limit exceeded

--------------------------------------------------------------------------------
       Segmentation violation detected at Sun Mar 14 17:07:37 2021 -0500
--------------------------------------------------------------------------------

Configuration:
  Crash Decoding           : Disabled - No sandbox or build area path
  Crash Mode               : continue (default)
  Default Encoding         : UTF-8
  Deployed                 : false
  GNU C Library            : 2.28 stable
  Graphics Driver          : Unknown software 
  Graphics card 1          : 0x1a03 ( 0x1a03 ) 0x2000 Version 0.0.0.0 (0-0-0)
  Java Version             : Java 1.8.0_202-b08 with Oracle Corporation Java HotSpot(TM) 64-Bit Server VM mixed mode
  MATLAB Architecture      : glnxa64
  MATLAB Entitlement ID    : 1331448
  MATLAB Root              : /opt/ohpc/pub/unpackaged/apps/matlab/R2020a
  MATLAB Version           : 9.8.0.1359463 (R2020a) Update 1
  OpenGL                   : software
  Operating System         : Linux 4.18.0-193.19.1.el8_2.x86_64 #1 SMP Mon Sep 14 14:37:00 UTC 2020 x86_64
  Process ID               : 37030
  Processor ID             : x86 Family 6 Model 45 Stepping 7, GenuineIntel
  Session Key              : 68adba37-47ce-4c96-b328-f5d91809e85e
  Static TLS mitigation    : Disabled: Unnecessary
  Window System            : No active display

Fault Count: 1


Abnormal termination:
Segmentation violation

Register State (from fault):
  RAX = 0000000000000000  RBX = 00007fc1819afc30
  RCX = 00007fc08df7fab9  RDX = 0000000000000028
  RSP = 00007fc18cac94d0  RBP = 00007fc18cac9530
  RSI = 00007fc08df7fab4  RDI = 00007fc1819f5c30

   R8 = 0000000000000005   R9 = 0000000000000003
  R10 = 000000000000006a  R11 = 000000000000004a
  R12 = 00007fc18cac94f0  R13 = 00007fc18e7816c3
  R14 = 00007fc1819f5c30  R15 = 00007fc18192a800

  RIP = 00007fc1862a8477  EFL = 0000000000010206

   CS = 0033   FS = 0000   GS = 0000

Stack Trace (from fault):
[  0] 0x00007fc1862a8477 /opt/ohpc/pub/unpackaged/apps/matlab/R2020a/sys/java/jre/glnxa64/jre/lib/amd64/server/libjvm.so+07107703
[  1] 0x00007fc1862a87f4 /opt/ohpc/pub/unpackaged/apps/matlab/R2020a/sys/java/jre/glnxa64/jre/lib/amd64/server/libjvm.so+07108596
[  2] 0x00007fc18e6ef374 /opt/ohpc/pub/unpackaged/apps/matlab/R2020a/bin/glnxa64/matlab_startup_plugins/jmi/../../../../bin/glnxa64/libmwjmi.so+01155956
[  3] 0x00007fc08df708d7 /opt/ohpc/pub/unpackaged/apps/matlab/R2020a/bin/glnxa64/builtins/matlab_graphics_hgbuiltins/../../../../bin/glnxa64/libuij.so+00293079 _Z16UIJ_CreateWindowPKci+00000039
[  4] 0x00007fc08df7370a /opt/ohpc/pub/unpackaged/apps/matlab/R2020a/bin/glnxa64/builtins/matlab_graphics_hgbuiltins/../../../../bin/glnxa64/libuij.so+00304906 _Z24UIJ_createFigureJavaPeerP10WinRec_tag+00000026
[  5] 0x00007fc075970f13 /opt/ohpc/pub/unpackaged/apps/matlab/R2020a/bin/glnxa64/builtins/matlab_graphics_hgbuiltins/../../../../bin/glnxa64/libmwhg.so+03194643
[  6] 0x00007fc07594d115 /opt/ohpc/pub/unpackaged/apps/matlab/R2020a/bin/glnxa64/builtins/matlab_graphics_hgbuiltins/../../../../bin/glnxa64/libmwhg.so+03047701
[  7] 0x00007fc075972ba2 /opt/ohpc/pub/unpackaged/apps/matlab/R2020a/bin/glnxa64/builtins/matlab_graphics_hgbuiltins/../../../../bin/glnxa64/libmwhg.so+03201954
[  8] 0x00007fc07599b598 /opt/ohpc/pub/unpackaged/apps/matlab/R2020a/bin/glnxa64/builtins/matlab_graphics_hgbuiltins/../../../../bin/glnxa64/libmwhg.so+03368344
[  9] 0x00007fc07599b8a5 /opt/ohpc/pub/unpackaged/apps/matlab/R2020a/bin/glnxa64/builtins/matlab_graphics_hgbuiltins/../../../../bin/glnxa64/libmwhg.so+03369125
[ 10] 0x00007fc075b96fc9 /opt/ohpc/pub/unpackaged/apps/matlab/R2020a/bin/glnxa64/builtins/matlab_graphics_hgbuiltins/../../../../bin/glnxa64/libmwhg.so+05447625
[ 11] 0x00007fc075ba677f /opt/ohpc/pub/unpackaged/apps/matlab/R2020a/bin/glnxa64/builtins/matlab_graphics_hgbuiltins/../../../../bin/glnxa64/libmwhg.so+05511039
[ 12] 0x00007fc187d038b3 /opt/ohpc/pub/unpackaged/apps/matlab/R2020a/bin/glnxa64/libmwmcos_impl.so+04040883
[ 13] 0x00007fc187d03f81 /opt/ohpc/pub/unpackaged/apps/matlab/R2020a/bin/glnxa64/libmwmcos_impl.so+04042625
[ 14] 0x00007fc187d06658 /opt/ohpc/pub/unpackaged/apps/matlab/R2020a/bin/glnxa64/libmwmcos_impl.so+04052568
[ 15] 0x00007fc187d0e8d2 /opt/ohpc/pub/unpackaged/apps/matlab/R2020a/bin/glnxa64/libmwmcos_impl.so+04085970
[ 16] 0x00007fc187d04ba8 /opt/ohpc/pub/unpackaged/apps/matlab/R2020a/bin/glnxa64/libmwmcos_impl.so+04045736
[ 17] 0x00007fc187d04def /opt/ohpc/pub/unpackaged/apps/matlab/R2020a/bin/glnxa64/libmwmcos_impl.so+04046319
[ 18] 0x00007fc187d0538c /opt/ohpc/pub/unpackaged/apps/matlab/R2020a/bin/glnxa64/libmwmcos_impl.so+04047756
[ 19] 0x00007fc187d05476 /opt/ohpc/pub/unpackaged/apps/matlab/R2020a/bin/glnxa64/libmwmcos_impl.so+04047990
[ 20] 0x00007fc187daa139 /opt/ohpc/pub/unpackaged/apps/matlab/R2020a/bin/glnxa64/libmwmcos_impl.so+04723001
[ 21] 0x00007fc08e1682cf /opt/ohpc/pub/unpackaged/apps/matlab/R2020a/bin/glnxa64/builtins/matlab_graphics_hgbuiltins/../../../../bin/glnxa64/libmwhgbuiltins.so+01909455
[ 22] 0x00007fc08e167b67 /opt/ohpc/pub/unpackaged/apps/matlab/R2020a/bin/glnxa64/builtins/matlab_graphics_hgbuiltins/../../../../bin/glnxa64/libmwhgbuiltins.so+01907559
[ 23] 0x00007fc08e1926a2 /opt/ohpc/pub/unpackaged/apps/matlab/R2020a/bin/glnxa64/builtins/matlab_graphics_hgbuiltins/../../../../bin/glnxa64/libmwhgbuiltins.so+02082466
[ 24] 0x00007fc19a47d96d /opt/ohpc/pub/unpackaged/apps/matlab/R2020a/bin/glnxa64/libmwm_dispatcher.so+00674157
[ 25] 0x00007fc19a4663f6 /opt/ohpc/pub/unpackaged/apps/matlab/R2020a/bin/glnxa64/libmwm_dispatcher.so+00578550
[ 26] 0x00007fc19a4666d1 /opt/ohpc/pub/unpackaged/apps/matlab/R2020a/bin/glnxa64/libmwm_dispatcher.so+00579281 _ZN18Mfh_MATLAB_fn_impl8dispatchEiPSt10unique_ptrI11mxArray_tagN6matrix6detail17mxDestroy_deleterEEiPPS1_+00000033
[ 27] 0x00007fc1922ed35d /opt/ohpc/pub/unpackaged/apps/matlab/R2020a/bin/glnxa64/libmwm_lxe.so+10163037
[ 28] 0x00007fc1922f1e96 /opt/ohpc/pub/unpackaged/apps/matlab/R2020a/bin/glnxa64/libmwm_lxe.so+10182294
[ 29] 0x00007fc1923fe67e /opt/ohpc/pub/unpackaged/apps/matlab/R2020a/bin/glnxa64/libmwm_lxe.so+11282046
[ 30] 0x00007fc1923f1701 /opt/ohpc/pub/unpackaged/apps/matlab/R2020a/bin/glnxa64/libmwm_lxe.so+11228929
[ 31] 0x00007fc19235f474 /opt/ohpc/pub/unpackaged/apps/matlab/R2020a/bin/glnxa64/libmwm_lxe.so+10630260
[ 32] 0x00007fc192385a7d /opt/ohpc/pub/unpackaged/apps/matlab/R2020a/bin/glnxa64/libmwm_lxe.so+10787453
[ 33] 0x00007fc191fe8f90 /opt/ohpc/pub/unpackaged/apps/matlab/R2020a/bin/glnxa64/libmwm_lxe.so+06999952
[ 34] 0x00007fc191fd16cf /opt/ohpc/pub/unpackaged/apps/matlab/R2020a/bin/glnxa64/libmwm_lxe.so+06903503
[ 35] 0x00007fc191fd5d05 /opt/ohpc/pub/unpackaged/apps/matlab/R2020a/bin/glnxa64/libmwm_lxe.so+06921477
[ 36] 0x00007fc1921fcc61 /opt/ohpc/pub/unpackaged/apps/matlab/R2020a/bin/glnxa64/libmwm_lxe.so+09178209
[ 37] 0x00007fc1921a9633 /opt/ohpc/pub/unpackaged/apps/matlab/R2020a/bin/glnxa64/libmwm_lxe.so+08836659
[ 38] 0x00007fc1921ad7ff /opt/ohpc/pub/unpackaged/apps/matlab/R2020a/bin/glnxa64/libmwm_lxe.so+08853503
[ 39] 0x00007fc1921b0332 /opt/ohpc/pub/unpackaged/apps/matlab/R2020a/bin/glnxa64/libmwm_lxe.so+08864562
[ 40] 0x00007fc19224a13f /opt/ohpc/pub/unpackaged/apps/matlab/R2020a/bin/glnxa64/libmwm_lxe.so+09494847
[ 41] 0x00007fc19224a60b /opt/ohpc/pub/unpackaged/apps/matlab/R2020a/bin/glnxa64/libmwm_lxe.so+09496075
[ 42] 0x00007fc19a2350d0 /opt/ohpc/pub/unpackaged/apps/matlab/R2020a/bin/glnxa64/libmwm_interpreter.so+01335504 _Z51inEvalCmdWithLocalReturnInDesiredWSAndPublishEventsRKNSt7__cxx1112basic_stringIDsSt11char_traitsIDsESaIDsEEEPibbP15inWorkSpace_tagN9MathWorks3lxe10EvalSourceE+00000064
[ 43] 0x00007fc19a79695c /opt/ohpc/pub/unpackaged/apps/matlab/R2020a/bin/glnxa64/libmwiqm.so+00751964 _ZNK3iqm18InternalEvalPlugin24inEvalCmdWithLocalReturnERKNSt7__cxx1112basic_stringIDsSt11char_traitsIDsESaIDsEEEP15inWorkSpace_tag+00000092
[ 44] 0x00007fc19a797bce /opt/ohpc/pub/unpackaged/apps/matlab/R2020a/bin/glnxa64/libmwiqm.so+00756686 _ZN3iqm18InternalEvalPlugin7executeEP15inWorkSpace_tag+00000222
[ 45] 0x00007fc19a631735 /opt/ohpc/pub/unpackaged/apps/matlab/R2020a/bin/glnxa64/libmwmcr.so+00952117
[ 46] 0x00007fc19a782690 /opt/ohpc/pub/unpackaged/apps/matlab/R2020a/bin/glnxa64/libmwiqm.so+00669328
[ 47] 0x00007fc19a76301c /opt/ohpc/pub/unpackaged/apps/matlab/R2020a/bin/glnxa64/libmwiqm.so+00540700
[ 48] 0x00007fc19a763421 /opt/ohpc/pub/unpackaged/apps/matlab/R2020a/bin/glnxa64/libmwiqm.so+00541729
[ 49] 0x00007fc1a32441bc /opt/ohpc/pub/unpackaged/apps/matlab/R2020a/bin/glnxa64/libmwmlutil.so+07565756 _ZNK14cmddistributor16IIPRunNowMessage7deliverERKN10foundation7msg_svc8exchange7RoutingE+00000044
[ 50] 0x00007fc1a3d8b3cf /opt/ohpc/pub/unpackaged/apps/matlab/R2020a/bin/glnxa64/libmwms.so+02630607 _ZN10foundation7msg_svc8exchange12MessageQueue7deliverERKN7mwboost10shared_ptrIKNS1_8EnvelopeEEE+00000207
[ 51] 0x00007fc1a3d8d3e0 /opt/ohpc/pub/unpackaged/apps/matlab/R2020a/bin/glnxa64/libmwms.so+02638816
[ 52] 0x00007fc1a3d764fb /opt/ohpc/pub/unpackaged/apps/matlab/R2020a/bin/glnxa64/libmwms.so+02544891
[ 53] 0x00007fc1a3d78e67 /opt/ohpc/pub/unpackaged/apps/matlab/R2020a/bin/glnxa64/libmwms.so+02555495
[ 54] 0x00007fc1a3d72da3 /opt/ohpc/pub/unpackaged/apps/matlab/R2020a/bin/glnxa64/libmwms.so+02530723
[ 55] 0x00007fc1a31a1451 /opt/ohpc/pub/unpackaged/apps/matlab/R2020a/bin/glnxa64/libmwmlutil.so+06898769
[ 56] 0x00007fc1a31a17da /opt/ohpc/pub/unpackaged/apps/matlab/R2020a/bin/glnxa64/libmwmlutil.so+06899674
[ 57] 0x00007fc1a5f32d33 /opt/ohpc/pub/unpackaged/apps/matlab/R2020a/bin/glnxa64/libmwmvm.so+02678067 _ZN7mwboost6detail8function26void_function_obj_invoker0INS_3_bi6bind_tINS3_11unspecifiedENS4_IS5_NS_8functionIFvvEEENS3_5list0EEENS3_5list1INS_17reference_wrapperINS_7promiseIvEEEEEEEEvE6invokeERNS1_15function_bufferE+00000035
[ 58] 0x00007fc1a5f281a5 /opt/ohpc/pub/unpackaged/apps/matlab/R2020a/bin/glnxa64/libmwmvm.so+02634149 _ZN7mwboost13unique_futureIvE3getEv+00000853
[ 59] 0x00007fc19a5f30f7 /opt/ohpc/pub/unpackaged/apps/matlab/R2020a/bin/glnxa64/libmwmcr.so+00696567
[ 60] 0x00007fc1a5fb667b /opt/ohpc/pub/unpackaged/apps/matlab/R2020a/bin/glnxa64/libmwmvm.so+03217019 _ZN14cmddistributor15PackagedTaskIIP10invokeFuncIN7mwboost8functionIFvvEEEEENS2_10shared_ptrINS2_13unique_futureIDTclfp_EEEEEERKT_+00000059
[ 61] 0x00007fc1a5fb6768 /opt/ohpc/pub/unpackaged/apps/matlab/R2020a/bin/glnxa64/libmwmvm.so+03217256 _ZNSt17_Function_handlerIFN7mwboost3anyEvEZN14cmddistributor15PackagedTaskIIP10createFuncINS0_8functionIFvvEEEEESt8functionIS2_ET_EUlvE_E9_M_invokeERKSt9_Any_data+00000024
[ 62] 0x00007fc19a7a135c /opt/ohpc/pub/unpackaged/apps/matlab/R2020a/bin/glnxa64/libmwiqm.so+00795484 _ZN7mwboost6detail8function21function_obj_invoker0ISt8functionIFNS_3anyEvEES4_E6invokeERNS1_15function_bufferE+00000028
[ 63] 0x00007fc19a7a1017 /opt/ohpc/pub/unpackaged/apps/matlab/R2020a/bin/glnxa64/libmwiqm.so+00794647 _ZN3iqm18PackagedTaskPlugin7executeEP15inWorkSpace_tag+00000439
[ 64] 0x00007fc19a631a05 /opt/ohpc/pub/unpackaged/apps/matlab/R2020a/bin/glnxa64/libmwmcr.so+00952837
[ 65] 0x00007fc19a782690 /opt/ohpc/pub/unpackaged/apps/matlab/R2020a/bin/glnxa64/libmwiqm.so+00669328
[ 66] 0x00007fc19a7681e8 /opt/ohpc/pub/unpackaged/apps/matlab/R2020a/bin/glnxa64/libmwiqm.so+00561640
[ 67] 0x00007fc199e6478b /opt/ohpc/pub/unpackaged/apps/matlab/R2020a/bin/glnxa64/libmwbridge.so+00321419
[ 68] 0x00007fc199e652d4 /opt/ohpc/pub/unpackaged/apps/matlab/R2020a/bin/glnxa64/libmwbridge.so+00324308
[ 69] 0x00007fc199e6d136 /opt/ohpc/pub/unpackaged/apps/matlab/R2020a/bin/glnxa64/libmwbridge.so+00356662
[ 70] 0x00007fc199e6d489 /opt/ohpc/pub/unpackaged/apps/matlab/R2020a/bin/glnxa64/libmwbridge.so+00357513
[ 71] 0x00007fc199e6da08 /opt/ohpc/pub/unpackaged/apps/matlab/R2020a/bin/glnxa64/libmwbridge.so+00358920 _Z8mnParserv+00000344
[ 72] 0x00007fc19a633ee3 /opt/ohpc/pub/unpackaged/apps/matlab/R2020a/bin/glnxa64/libmwmcr.so+00962275
[ 73] 0x00007fc1a5fb667b /opt/ohpc/pub/unpackaged/apps/matlab/R2020a/bin/glnxa64/libmwmvm.so+03217019 _ZN14cmddistributor15PackagedTaskIIP10invokeFuncIN7mwboost8functionIFvvEEEEENS2_10shared_ptrINS2_13unique_futureIDTclfp_EEEEEERKT_+00000059
[ 74] 0x00007fc1a5fb6768 /opt/ohpc/pub/unpackaged/apps/matlab/R2020a/bin/glnxa64/libmwmvm.so+03217256 _ZNSt17_Function_handlerIFN7mwboost3anyEvEZN14cmddistributor15PackagedTaskIIP10createFuncINS0_8functionIFvvEEEEESt8functionIS2_ET_EUlvE_E9_M_invokeERKSt9_Any_data+00000024
[ 75] 0x00007fc19a7a135c /opt/ohpc/pub/unpackaged/apps/matlab/R2020a/bin/glnxa64/libmwiqm.so+00795484 _ZN7mwboost6detail8function21function_obj_invoker0ISt8functionIFNS_3anyEvEES4_E6invokeERNS1_15function_bufferE+00000028
[ 76] 0x00007fc19a7a1017 /opt/ohpc/pub/unpackaged/apps/matlab/R2020a/bin/glnxa64/libmwiqm.so+00794647 _ZN3iqm18PackagedTaskPlugin7executeEP15inWorkSpace_tag+00000439
[ 77] 0x00007fc19a631a05 /opt/ohpc/pub/unpackaged/apps/matlab/R2020a/bin/glnxa64/libmwmcr.so+00952837
[ 78] 0x00007fc19a782690 /opt/ohpc/pub/unpackaged/apps/matlab/R2020a/bin/glnxa64/libmwiqm.so+00669328
[ 79] 0x00007fc19a766199 /opt/ohpc/pub/unpackaged/apps/matlab/R2020a/bin/glnxa64/libmwiqm.so+00553369
[ 80] 0x00007fc19a766ddb /opt/ohpc/pub/unpackaged/apps/matlab/R2020a/bin/glnxa64/libmwiqm.so+00556507
[ 81] 0x00007fc19a616018 /opt/ohpc/pub/unpackaged/apps/matlab/R2020a/bin/glnxa64/libmwmcr.so+00839704
[ 82] 0x00007fc19a616632 /opt/ohpc/pub/unpackaged/apps/matlab/R2020a/bin/glnxa64/libmwmcr.so+00841266
[ 83] 0x00007fc19a616ea4 /opt/ohpc/pub/unpackaged/apps/matlab/R2020a/bin/glnxa64/libmwmcr.so+00843428
[ 84] 0x00007fc1a468da02 /opt/ohpc/pub/unpackaged/apps/matlab/R2020a/bin/glnxa64/libmwboost_thread.so.1.70.0+00064002
[ 85] 0x00007fc1a56252de                             /lib64/libpthread.so.0+00033502
[ 86] 0x00007fc1a4dbee83                                   /lib64/libc.so.6+01031811 clone+00000067

** This crash report has been saved to disk as /home/lhw150030/matlab_crash_dump.37030-1 **



MATLAB is exiting because of fatal error
/var/spool/slurm/d/job04068/slurm_script: line 16: 37030 Killed                  matlab -nodesktop -nodisplay -nosplash -r "liveRun2021DailyPlotter("$SLURM_ARRAY_TASK_ID",'mintsDefinitions.yaml','WSPre','predictrnn')"
